<?xml version="1.0" encoding="UTF-8"?>
<!-- Generated by org.testng.reporters.JUnitReportReporter -->
<testsuite hostname="DESKTOP-45VA84T" failures="0" tests="3" name="pack1.com.BASIC" time="12.173" errors="0" timestamp="2024-06-30T09:23:55 IST" skipped="0">
  <testcase classname="pack1.com.BASIC" name="test2" time="0.008"/>
  <testcase classname="pack1.com.BASIC" name="test3" time="0.063"/>
  <testcase classname="pack1.com.BASIC" name="test1" time="12.102"/>
</testsuite> <!-- pack1.com.BASIC -->
