<?xml version="1.0" encoding="UTF-8"?>
<!-- Generated by org.testng.reporters.JUnitReportReporter -->
<testsuite hostname="DESKTOP-45VA84T" failures="0" tests="1" name="testCase.Login_Test" time="11.691" errors="0" timestamp="2024-07-29T02:59:22 IST" skipped="0">
  <testcase classname="testCase.Login_Test" name="login_page" time="11.691"/>
</testsuite> <!-- testCase.Login_Test -->
